<?xml version="1.0" encoding="UTF-8"?>
<testng-results total="1" passed="1" failed="0" skipped="0">
  <reporter-output>
    <line>
      <![CDATA[Open Application]]>
    </line>
    <line>
      <![CDATA[Login Successfully]]>
    </line>
    <line>
      <![CDATA[Logout Completed]]>
    </line>
    <line>
      <![CDATA[Application Closed]]>
    </line>
  </reporter-output>
  <suite started-at="2021-02-28T23:22:58Z" name="Default suite" finished-at="2021-02-28T23:23:16Z" duration-ms="17404">
    <groups>
    </groups>
    <test started-at="2021-02-28T23:22:58Z" name="Default test" finished-at="2021-02-28T23:23:16Z" duration-ms="17404">
      <class name="com.hrms.testscripts.TC001">
        <test-method signature="tc001()[pri:0, instance:com.hrms.testscripts.TC001@156b88f5]" started-at="2021-02-28T23:22:58Z" name="tc001" finished-at="2021-02-28T23:23:16Z" duration-ms="17387" status="PASS">
          <reporter-output>
            <line>
              <![CDATA[Open Application]]>
            </line>
            <line>
              <![CDATA[Login Successfully]]>
            </line>
            <line>
              <![CDATA[Logout Completed]]>
            </line>
            <line>
              <![CDATA[Application Closed]]>
            </line>
          </reporter-output>
        </test-method> <!-- tc001 -->
      </class> <!-- com.hrms.testscripts.TC001 -->
    </test> <!-- Default test -->
  </suite> <!-- Default suite -->
</testng-results>
